<?xml version="1.0" encoding="UTF-8"?>
<!-- Generated by org.testng.reporters.JUnitReportReporter -->
<testsuite skipped="0" hostname="admin-PC" name="com.adactin.runner.Adactin_Project" tests="5" failures="0" timestamp="2022-05-02T09:08:58 IST" time="15.739" errors="0">
  <testcase name="launchSite" time="6.645" classname="com.adactin.runner.Adactin_Project"/>
  <system-out/>
  <testcase name="hotelSearch" time="1.353" classname="com.adactin.runner.Adactin_Project"/>
  <system-out/>
  <testcase name="confirmHotel" time="0.714" classname="com.adactin.runner.Adactin_Project"/>
  <system-out/>
  <testcase name="confirmPayment" time="0.701" classname="com.adactin.runner.Adactin_Project"/>
  <system-out/>
  <testcase name="logOff" time="6.326" classname="com.adactin.runner.Adactin_Project"/>
  <system-out/>
</testsuite> <!-- com.adactin.runner.Adactin_Project -->
